#
# A fatal error has been detected by the Java Runtime Environment:
#
#  EXCEPTION_ACCESS_VIOLATION (0xc0000005) at pc=0x6cff3c1a, pid=5164, tid=0x00000e24
#
# JRE version: Java(TM) SE Runtime Environment (8.0_101-b13) (build 1.8.0_101-b13)
# Java VM: Java HotSpot(TM) Client VM (25.101-b13 mixed mode windows-x86 )
# Problematic frame:
# C  [bwapi_bridge2_5.dll+0x33c1a]
#
# Failed to write core dump. Minidumps are not enabled by default on client versions of Windows
#
# If you would like to submit a bug report, please visit:
#   http://bugreport.java.com/bugreport/crash.jsp
# The crash happened outside the Java Virtual Machine in native code.
# See problematic frame for where to report the bug.
#

---------------  T H R E A D  ---------------

Current thread (0x0169c800):  JavaThread "main" [_thread_in_native, id=3620, stack(0x01600000,0x01650000)]

siginfo: ExceptionCode=0xc0000005, reading address 0x0000000c

Registers:
EAX=0x00000000, EBX=0x0169c800, ECX=0x01354498, EDX=0x0164d9e8
ESP=0x0164d9d4, EBP=0x0164d9f8, ESI=0x01354498, EDI=0x0169c940
EIP=0x6cff3c1a, EFLAGS=0x00010282

Top of Stack: (sp=0x0164d9d4)
0x0164d9d4:   0164d9e8 0169c800 01354498 00000744
0x0164d9e4:   0138e388 0164da28 0169c800 0169c940
0x0164d9f4:   de0687e0 0164da28 030ccc61 0169c940
0x0164da04:   0164da10 01354498 0169c800 053ebbf0
0x0164da14:   056199b8 153fb858 00000000 0164da30
0x0164da24:   0164dbc0 0164dbc0 030d8cc8 01354498
0x0164da34:   0169c800 00000004 05325d00 00000001
0x0164da44:   0169c800 00000006 00000004 0169c940 

Instructions: (pc=0x6cff3c1a)
0x6cff3bfa:   08 40 1c 6d 33 c4 89 44 24 14 8b 4d 10 8d 54 24
0x6cff3c0a:   08 8b 45 14 56 89 44 24 10 8b 01 57 8b 7d 08 52
0x6cff3c1a:   ff 50 0c 83 ec 18 8b cc 6a 0e c7 41 14 0f 00 00
0x6cff3c2a:   00 c7 41 10 00 00 00 00 68 34 12 18 6d c6 01 00 


Register to memory mapping:

EAX=0x00000000 is an unknown value
EBX=0x0169c800 is a thread
ECX=0x01354498 is an unknown value
EDX=0x0164d9e8 is pointing into the stack for thread: 0x0169c800
ESP=0x0164d9d4 is pointing into the stack for thread: 0x0169c800
EBP=0x0164d9f8 is pointing into the stack for thread: 0x0169c800
ESI=0x01354498 is an unknown value
EDI=0x0169c940 is an unknown value


Stack: [0x01600000,0x01650000],  sp=0x0164d9d4,  free space=310k
Native frames: (J=compiled Java code, j=interpreted, Vv=VM code, C=native code)
C  [bwapi_bridge2_5.dll+0x33c1a]
J 70  bwta.Chokepoint.getCenter_native(J)Lbwapi/Position; (0 bytes) @ 0x030ccc61 [0x030ccbd0+0x91]
J 91 C1 m_visualization.visualization(Lbwapi/Game;Lm_list;Lm_timer;Lm_build;Lm_economy;Lm_scout;)V (1485 bytes) @ 0x030d8cc8 [0x030d7090+0x1c38]
j  TestBot1.onFrame()V+45
j  bwapi.AIModule.onFrame()V+11
v  ~StubRoutines::call_stub
V  [jvm.dll+0x15a2e5]
V  [jvm.dll+0x21ff6e]
V  [jvm.dll+0x15a37e]
V  [jvm.dll+0xdc17b]
V  [jvm.dll+0xdf10c]
C  [bwapi_bridge2_5.dll+0x1b20d]
C  [bwapi_bridge2_5.dll+0x75101]
j  bwapi.Mirror.startGame()V+0
j  TestBot1.run()V+15
j  TestBot1.main([Ljava/lang/String;)V+7
v  ~StubRoutines::call_stub
V  [jvm.dll+0x15a2e5]
V  [jvm.dll+0x21ff6e]
V  [jvm.dll+0x15a37e]
V  [jvm.dll+0x166bc8]
V  [jvm.dll+0x166e33]
V  [jvm.dll+0x103623]
C  [java.dll+0x3b26]
j  sun.reflect.NativeMethodAccessorImpl.invoke(Ljava/lang/Object;[Ljava/lang/Object;)Ljava/lang/Object;+100
j  sun.reflect.DelegatingMethodAccessorImpl.invoke(Ljava/lang/Object;[Ljava/lang/Object;)Ljava/lang/Object;+6
j  java.lang.reflect.Method.invoke(Ljava/lang/Object;[Ljava/lang/Object;)Ljava/lang/Object;+56
j  com.intellij.rt.execution.application.AppMain.main([Ljava/lang/String;)V+170
v  ~StubRoutines::call_stub
V  [jvm.dll+0x15a2e5]
V  [jvm.dll+0x21ff6e]
V  [jvm.dll+0x15a37e]
V  [jvm.dll+0xdbf47]
V  [jvm.dll+0xe44df]
C  [java.exe+0x229e]
C  [java.exe+0xaeaf]
C  [java.exe+0xaf39]
C  [KERNEL32.DLL+0x162c4]
C  [ntdll.dll+0x60609]
C  [ntdll.dll+0x605d4]
C  0x00000000

Java frames: (J=compiled Java code, j=interpreted, Vv=VM code)
J 70  bwta.Chokepoint.getCenter_native(J)Lbwapi/Position; (0 bytes) @ 0x030ccc1d [0x030ccbd0+0x4d]
J 91 C1 m_visualization.visualization(Lbwapi/Game;Lm_list;Lm_timer;Lm_build;Lm_economy;Lm_scout;)V (1485 bytes) @ 0x030d8cc8 [0x030d7090+0x1c38]
j  TestBot1.onFrame()V+45
j  bwapi.AIModule.onFrame()V+11
v  ~StubRoutines::call_stub
j  bwapi.Mirror.startGame()V+0
j  TestBot1.run()V+15
j  TestBot1.main([Ljava/lang/String;)V+7
v  ~StubRoutines::call_stub
j  sun.reflect.NativeMethodAccessorImpl.invoke0(Ljava/lang/reflect/Method;Ljava/lang/Object;[Ljava/lang/Object;)Ljava/lang/Object;+0
j  sun.reflect.NativeMethodAccessorImpl.invoke(Ljava/lang/Object;[Ljava/lang/Object;)Ljava/lang/Object;+100
j  sun.reflect.DelegatingMethodAccessorImpl.invoke(Ljava/lang/Object;[Ljava/lang/Object;)Ljava/lang/Object;+6
j  java.lang.reflect.Method.invoke(Ljava/lang/Object;[Ljava/lang/Object;)Ljava/lang/Object;+56
j  com.intellij.rt.execution.application.AppMain.main([Ljava/lang/String;)V+170
v  ~StubRoutines::call_stub

---------------  P R O C E S S  ---------------

Java Threads: ( => current thread )
  0x15782000 JavaThread "Monitor Ctrl-Break" daemon [_thread_in_native, id=3296, stack(0x15dc0000,0x15e10000)]
  0x1569dc00 JavaThread "Service Thread" daemon [_thread_blocked, id=6056, stack(0x15b50000,0x15ba0000)]
  0x15699800 JavaThread "C1 CompilerThread0" daemon [_thread_blocked, id=3292, stack(0x15ac0000,0x15b10000)]
  0x15698400 JavaThread "Attach Listener" daemon [_thread_blocked, id=4952, stack(0x15a30000,0x15a80000)]
  0x15696400 JavaThread "Signal Dispatcher" daemon [_thread_blocked, id=2348, stack(0x159a0000,0x159f0000)]
  0x15676c00 JavaThread "Finalizer" daemon [_thread_blocked, id=3200, stack(0x15860000,0x158b0000)]
  0x15664800 JavaThread "Reference Handler" daemon [_thread_blocked, id=1156, stack(0x05130000,0x05180000)]
=>0x0169c800 JavaThread "main" [_thread_in_native, id=3620, stack(0x01600000,0x01650000)]

Other Threads:
  0x02f0e000 VMThread [stack: 0x050a0000,0x050f0000] [id=1460]
  0x156a1c00 WatcherThread [stack: 0x15be0000,0x15c30000] [id=1376]

VM state:not at safepoint (normal execution)

VM Mutex/Monitor currently owned by a thread: None

Heap:
 def new generation   total 4928K, used 4240K [0x05200000, 0x05750000, 0x0a750000)
  eden space 4416K,  96% used [0x05200000, 0x05624050, 0x05650000)
  from space 512K,   0% used [0x05650000, 0x05650000, 0x056d0000)
  to   space 512K,   0% used [0x056d0000, 0x056d0000, 0x05750000)
 tenured generation   total 10944K, used 0K [0x0a750000, 0x0b200000, 0x15200000)
   the space 10944K,   0% used [0x0a750000, 0x0a750000, 0x0a750200, 0x0b200000)
 Metaspace       used 2540K, capacity 2664K, committed 2752K, reserved 4480K

Card table byte_map: [0x05010000,0x050a0000] byte_map_base: 0x04fe7000

Polling page: 0x01660000

CodeCache: size=32768Kb used=897Kb max_used=897Kb free=31870Kb
 bounds [0x03010000, 0x030f8000, 0x05010000]
 total_blobs=285 nmethods=137 adapters=79
 compilation: enabled

Compilation events (10 events):
Event: 15.436 Thread 0x15699800  125             java.util.Random::nextInt (7 bytes)
Event: 15.437 Thread 0x15699800 nmethod 125 0x030eb648 code [0x030eb750, 0x030eb7ec]
Event: 15.437 Thread 0x15699800  126             java.util.Random::next (47 bytes)
Event: 15.437 Thread 0x15699800 nmethod 126 0x030eb848 code [0x030eb940, 0x030eba80]
Event: 15.503 Thread 0x15699800  128             java.lang.Integer::intValue (5 bytes)
Event: 15.503 Thread 0x15699800 nmethod 128 0x030ebdc8 code [0x030ebec0, 0x030ebf40]
Event: 15.657 Thread 0x15699800  129             sun.misc.FloatingDecimal$BinaryToASCIIBuffer::dtoa (1509 bytes)
Event: 15.666 Thread 0x15699800 nmethod 129 0x030ebf88 code [0x030ec210, 0x030ed598]
Event: 21.797 Thread 0x15699800  134             java.util.HashMap::clear (50 bytes)
Event: 21.797 Thread 0x15699800 nmethod 134 0x030efd08 code [0x030efe00, 0x030efed0]

GC Heap History (0 events):
No events

Deoptimization events (0 events):
No events

Internal exceptions (10 events):
Event: 10.469 Thread 0x0169c800 Exception <a 'java/lang/NullPointerException'> (0x053d6140) thrown at [C:\re\workspace\8-2-build-windows-i586-cygwin\jdk8u101\7261\hotspot\src\share\vm\interpreter\linkResolver.cpp, line 1178]
Event: 10.531 Thread 0x0169c800 Exception <a 'java/lang/NullPointerException'> (0x053d6340) thrown at [C:\re\workspace\8-2-build-windows-i586-cygwin\jdk8u101\7261\hotspot\src\share\vm\interpreter\linkResolver.cpp, line 1178]
Event: 10.578 Thread 0x0169c800 Exception <a 'java/lang/NullPointerException'> (0x053d6540) thrown at [C:\re\workspace\8-2-build-windows-i586-cygwin\jdk8u101\7261\hotspot\src\share\vm\interpreter\linkResolver.cpp, line 1178]
Event: 10.639 Thread 0x0169c800 Exception <a 'java/lang/NullPointerException'> (0x053d6740) thrown at [C:\re\workspace\8-2-build-windows-i586-cygwin\jdk8u101\7261\hotspot\src\share\vm\interpreter\linkResolver.cpp, line 1178]
Event: 10.686 Thread 0x0169c800 Exception <a 'java/lang/NullPointerException'> (0x053d6940) thrown at [C:\re\workspace\8-2-build-windows-i586-cygwin\jdk8u101\7261\hotspot\src\share\vm\interpreter\linkResolver.cpp, line 1178]
Event: 10.747 Thread 0x0169c800 Exception <a 'java/lang/NullPointerException'> (0x053d6b40) thrown at [C:\re\workspace\8-2-build-windows-i586-cygwin\jdk8u101\7261\hotspot\src\share\vm\interpreter\linkResolver.cpp, line 1178]
Event: 10.808 Thread 0x0169c800 Exception <a 'java/lang/NullPointerException'> (0x053d6d40) thrown at [C:\re\workspace\8-2-build-windows-i586-cygwin\jdk8u101\7261\hotspot\src\share\vm\interpreter\linkResolver.cpp, line 1178]
Event: 10.855 Thread 0x0169c800 Exception <a 'java/lang/NullPointerException'> (0x053d6f40) thrown at [C:\re\workspace\8-2-build-windows-i586-cygwin\jdk8u101\7261\hotspot\src\share\vm\interpreter\linkResolver.cpp, line 1178]
Event: 10.917 Thread 0x0169c800 Exception <a 'java/lang/NullPointerException'> (0x053d7140) thrown at [C:\re\workspace\8-2-build-windows-i586-cygwin\jdk8u101\7261\hotspot\src\share\vm\interpreter\linkResolver.cpp, line 1178]
Event: 11.806 Thread 0x0169c800 Exception <a 'java/lang/NullPointerException'> (0x053d7340) thrown at [C:\re\workspace\8-2-build-windows-i586-cygwin\jdk8u101\7261\hotspot\src\share\vm\interpreter\linkResolver.cpp, line 1178]

Events (10 events):
Event: 13.850 loading class java/util/regex/Matcher
Event: 13.850 loading class java/util/regex/MatchResult
Event: 13.850 loading class java/util/regex/MatchResult done
Event: 13.850 loading class java/util/regex/Matcher done
Event: 13.851 loading class java/util/Formatter$FixedString
Event: 13.851 loading class java/util/Formatter$FormatString
Event: 13.851 loading class java/util/Formatter$FormatString done
Event: 13.851 loading class java/util/Formatter$FixedString done
Event: 14.610 Thread 0x0169c800 DEOPT PACKING pc=0x030e7573 sp=0x0164d8a0
Event: 14.610 Thread 0x0169c800 DEOPT UNPACKING pc=0x0304c5db sp=0x0164d768 mode 3


Dynamic libraries:
0x012a0000 - 0x012d3000 	C:\Program Files (x86)\Java\jdk1.8.0_101\bin\java.exe
0x77210000 - 0x77392000 	C:\Windows\SYSTEM32\ntdll.dll
0x767d0000 - 0x768b0000 	C:\Windows\System32\KERNEL32.DLL
0x75d80000 - 0x75f21000 	C:\Windows\System32\KERNELBASE.dll
0x72f80000 - 0x73012000 	C:\Windows\system32\apphelp.dll
0x761a0000 - 0x76217000 	C:\Windows\System32\ADVAPI32.dll
0x73f10000 - 0x73fce000 	C:\Windows\System32\msvcrt.dll
0x76510000 - 0x76551000 	C:\Windows\System32\sechost.dll
0x76ea0000 - 0x76f61000 	C:\Windows\System32\RPCRT4.dll
0x73cd0000 - 0x73cee000 	C:\Windows\System32\SspiCli.dll
0x73cc0000 - 0x73cca000 	C:\Windows\System32\CRYPTBASE.dll
0x76f70000 - 0x76fca000 	C:\Windows\System32\bcryptPrimitives.dll
0x745e0000 - 0x7473f000 	C:\Windows\System32\USER32.dll
0x76280000 - 0x76295000 	C:\Windows\System32\win32u.dll
0x771e0000 - 0x7720b000 	C:\Windows\System32\GDI32.dll
0x76fd0000 - 0x7712b000 	C:\Windows\System32\gdi32full.dll
0x73870000 - 0x73a7a000 	C:\Windows\WinSxS\x86_microsoft.windows.common-controls_6595b64144ccf1df_6.0.14393.0_none_74bc87d3d22d9abe\COMCTL32.dll
0x73cf0000 - 0x73f01000 	C:\Windows\System32\combase.dll
0x766e0000 - 0x767c0000 	C:\Windows\System32\ucrtbase.dll
0x77130000 - 0x77155000 	C:\Windows\System32\IMM32.DLL
0x6db00000 - 0x6dbbf000 	C:\Program Files (x86)\Java\jdk1.8.0_101\jre\bin\msvcr100.dll
0x6d730000 - 0x6dafc000 	C:\Program Files (x86)\Java\jdk1.8.0_101\jre\bin\client\jvm.dll
0x767c0000 - 0x767c6000 	C:\Windows\System32\PSAPI.DLL
0x72a10000 - 0x72a18000 	C:\Windows\SYSTEM32\WSOCK32.dll
0x77160000 - 0x771c3000 	C:\Windows\System32\WS2_32.dll
0x701e0000 - 0x70204000 	C:\Windows\SYSTEM32\WINMM.dll
0x73ae0000 - 0x73ae8000 	C:\Windows\SYSTEM32\VERSION.dll
0x701b0000 - 0x701d3000 	C:\Windows\SYSTEM32\WINMMBASE.dll
0x76560000 - 0x76596000 	C:\Windows\System32\cfgmgr32.dll
0x6e480000 - 0x6e48c000 	C:\Program Files (x86)\Java\jdk1.8.0_101\jre\bin\verify.dll
0x6e450000 - 0x6e471000 	C:\Program Files (x86)\Java\jdk1.8.0_101\jre\bin\java.dll
0x6e430000 - 0x6e443000 	C:\Program Files (x86)\Java\jdk1.8.0_101\jre\bin\zip.dll
0x74760000 - 0x75b37000 	C:\Windows\System32\SHELL32.dll
0x74070000 - 0x745de000 	C:\Windows\System32\windows.storage.dll
0x76950000 - 0x76995000 	C:\Windows\System32\powrprof.dll
0x768b0000 - 0x768f6000 	C:\Windows\System32\shlwapi.dll
0x765a0000 - 0x765ad000 	C:\Windows\System32\kernel.appcore.dll
0x765b0000 - 0x76638000 	C:\Windows\System32\shcore.dll
0x75d70000 - 0x75d7f000 	C:\Windows\System32\profapi.dll
0x15c30000 - 0x15c37000 	C:\Program Files (x86)\JetBrains\IntelliJ IDEA Community Edition 2016.2.4\bin\breakgen.dll
0x6d710000 - 0x6d726000 	C:\Program Files (x86)\Java\jdk1.8.0_101\jre\bin\net.dll
0x72700000 - 0x7274e000 	C:\Windows\system32\mswsock.dll
0x6cfc0000 - 0x6d246000 	C:\Users\ryan\Desktop\HaliBot\bwapi_bridge2_5.dll
0x6acc0000 - 0x6ad27000 	C:\Users\ryan\Desktop\HaliBot\libgmp-10.dll
0x6f540000 - 0x6f59e000 	C:\Users\ryan\Desktop\HaliBot\libmpfr-4.dll
0x6cf40000 - 0x6cfb1000 	C:\Windows\SYSTEM32\MSVCP120.dll
0x6ce50000 - 0x6cf3e000 	C:\Windows\SYSTEM32\MSVCR120.dll
0x73050000 - 0x73195000 	C:\Windows\SYSTEM32\dbghelp.dll

VM Arguments:
jvm_args: -Didea.launcher.port=7539 -Didea.launcher.bin.path=C:\Program Files (x86)\JetBrains\IntelliJ IDEA Community Edition 2016.2.4\bin -Dfile.encoding=UTF-8 
java_command: com.intellij.rt.execution.application.AppMain TestBot1
java_class_path (initial): C:\Program Files (x86)\Java\jdk1.8.0_101\jre\lib\charsets.jar;C:\Program Files (x86)\Java\jdk1.8.0_101\jre\lib\deploy.jar;C:\Program Files (x86)\Java\jdk1.8.0_101\jre\lib\ext\access-bridge-32.jar;C:\Program Files (x86)\Java\jdk1.8.0_101\jre\lib\ext\cldrdata.jar;C:\Program Files (x86)\Java\jdk1.8.0_101\jre\lib\ext\dnsns.jar;C:\Program Files (x86)\Java\jdk1.8.0_101\jre\lib\ext\jaccess.jar;C:\Program Files (x86)\Java\jdk1.8.0_101\jre\lib\ext\jfxrt.jar;C:\Program Files (x86)\Java\jdk1.8.0_101\jre\lib\ext\localedata.jar;C:\Program Files (x86)\Java\jdk1.8.0_101\jre\lib\ext\nashorn.jar;C:\Program Files (x86)\Java\jdk1.8.0_101\jre\lib\ext\sunec.jar;C:\Program Files (x86)\Java\jdk1.8.0_101\jre\lib\ext\sunjce_provider.jar;C:\Program Files (x86)\Java\jdk1.8.0_101\jre\lib\ext\sunmscapi.jar;C:\Program Files (x86)\Java\jdk1.8.0_101\jre\lib\ext\sunpkcs11.jar;C:\Program Files (x86)\Java\jdk1.8.0_101\jre\lib\ext\zipfs.jar;C:\Program Files (x86)\Java\jdk1.8.0_101\jre\lib\javaws.jar;C:\Program Files (x86)\Java\jdk1.8.0_101\jre\lib\jce.jar;C:\Program Files (x86)\Java\jdk1.8.0_101\jre\lib\jfr.jar;C:\Program Files (x86)\Java\jdk1.8.0_101\jre\lib\jfxswt.jar;C:\Program Files (x86)\Java\jdk1.8.0_101\jre\lib\jsse.jar;C:\Program Files (x86)\Java\jdk1.8.0_101\jre\lib\management-agent.jar;C:\Program Files (x86)\Java\jdk1.8.0_101\jre\lib\plugin.jar;C:\Program Files (x86)\Java\jdk1.8.0_101\jre\lib\resources.jar;C:\Program Files (x86)\Java\jdk1.8.0_101\jre\lib\rt.jar;C:\Users\ryan\Desktop\HaliBot\out\production\HaliBot;C:\Users\ryan\Desktop\HaliBot\bwmirror_v2_5.jar;C:\Program Files (x86)\JetBrains\IntelliJ IDEA Community Edition 2016.2.4\lib\idea_rt.jar
Launcher Type: SUN_STANDARD

Environment Variables:
PATH=C:\ProgramData\Oracle\Java\javapath;C:\Program Files (x86)\Intel\iCLS Client\;C:\Program Files\Intel\iCLS Client\;C:\Windows\system32;C:\Windows;C:\Windows\System32\Wbem;C:\Windows\System32\WindowsPowerShell\v1.0\;C:\Users\ryan\AppData\Local\Microsoft\WindowsApps;
USERNAME=ryan
OS=Windows_NT
PROCESSOR_IDENTIFIER=Intel64 Family 6 Model 69 Stepping 1, GenuineIntel



---------------  S Y S T E M  ---------------

OS: Windows 10.0 , 64 bit Build 14393 (10.0.14393.0)

CPU:total 4 (2 cores per cpu, 2 threads per core) family 6 model 69 stepping 1, cmov, cx8, fxsr, mmx, sse, sse2, sse3, ssse3, sse4.1, sse4.2, popcnt, avx, avx2, aes, clmul, erms, lzcnt, ht, tsc, tscinvbit, bmi1, bmi2

Memory: 4k page, physical 8327448k(4857280k free), swap 10293528k(5963040k free)

vm_info: Java HotSpot(TM) Client VM (25.101-b13) for windows-x86 JRE (1.8.0_101-b13), built on Jun 22 2016 00:45:44 by "java_re" with MS VC++ 10.0 (VS2010)

time: Mon Sep 19 22:06:04 2016
elapsed time: 21 seconds (0d 0h 0m 21s)

